Performing C SOURCE FILE Test CMAKE_HAVE_LIBC_PTHREAD failed with the following output:
Change Dir: /vagrant/code/csci499_haoyuli/key_value_store/CMakeFiles/CMakeTmp

Run Build Command(s):/usr/bin/make cmTC_a0ed1/fast && make: Warning: File 'Makefile' has modification time 1.7 s in the future
/usr/bin/make -f CMakeFiles/cmTC_a0ed1.dir/build.make CMakeFiles/cmTC_a0ed1.dir/build
make[1]: Entering directory '/vagrant/code/csci499_haoyuli/key_value_store/CMakeFiles/CMakeTmp'
make[1]: Warning: File 'CMakeFiles/cmTC_a0ed1.dir/flags.make' has modification time 1.7 s in the future
Building C object CMakeFiles/cmTC_a0ed1.dir/src.c.o
/usr/bin/cc   -DCMAKE_HAVE_LIBC_PTHREAD   -o CMakeFiles/cmTC_a0ed1.dir/src.c.o   -c /vagrant/code/csci499_haoyuli/key_value_store/CMakeFiles/CMakeTmp/src.c
Linking C executable cmTC_a0ed1
/usr/local/bin/cmake -E cmake_link_script CMakeFiles/cmTC_a0ed1.dir/link.txt --verbose=1
/usr/bin/cc  -DCMAKE_HAVE_LIBC_PTHREAD    -rdynamic CMakeFiles/cmTC_a0ed1.dir/src.c.o  -o cmTC_a0ed1 
CMakeFiles/cmTC_a0ed1.dir/src.c.o: In function `main':
src.c:(.text+0x3c): undefined reference to `pthread_create'
src.c:(.text+0x48): undefined reference to `pthread_detach'
src.c:(.text+0x59): undefined reference to `pthread_join'
src.c:(.text+0x6d): undefined reference to `pthread_atfork'
collect2: error: ld returned 1 exit status
CMakeFiles/cmTC_a0ed1.dir/build.make:86: recipe for target 'cmTC_a0ed1' failed
make[1]: *** [cmTC_a0ed1] Error 1
make[1]: Leaving directory '/vagrant/code/csci499_haoyuli/key_value_store/CMakeFiles/CMakeTmp'
Makefile:121: recipe for target 'cmTC_a0ed1/fast' failed
make: *** [cmTC_a0ed1/fast] Error 2


Source file was:
#include <pthread.h>

void* test_func(void* data)
{
  return data;
}

int main(void)
{
  pthread_t thread;
  pthread_create(&thread, NULL, test_func, NULL);
  pthread_detach(thread);
  pthread_join(thread, NULL);
  pthread_atfork(NULL, NULL, NULL);
  pthread_exit(NULL);

  return 0;
}

Determining if the function pthread_create exists in the pthreads failed with the following output:
Change Dir: /vagrant/code/csci499_haoyuli/key_value_store/CMakeFiles/CMakeTmp

Run Build Command(s):/usr/bin/make cmTC_ed698/fast && make: Warning: File 'Makefile' has modification time 1.5 s in the future
/usr/bin/make -f CMakeFiles/cmTC_ed698.dir/build.make CMakeFiles/cmTC_ed698.dir/build
make[1]: Entering directory '/vagrant/code/csci499_haoyuli/key_value_store/CMakeFiles/CMakeTmp'
make[1]: Warning: File 'CMakeFiles/cmTC_ed698.dir/flags.make' has modification time 1.5 s in the future
Building C object CMakeFiles/cmTC_ed698.dir/CheckFunctionExists.c.o
/usr/bin/cc   -DCHECK_FUNCTION_EXISTS=pthread_create   -o CMakeFiles/cmTC_ed698.dir/CheckFunctionExists.c.o   -c /usr/local/share/cmake-3.16/Modules/CheckFunctionExists.c
Linking C executable cmTC_ed698
/usr/local/bin/cmake -E cmake_link_script CMakeFiles/cmTC_ed698.dir/link.txt --verbose=1
/usr/bin/cc  -DCHECK_FUNCTION_EXISTS=pthread_create    -rdynamic CMakeFiles/cmTC_ed698.dir/CheckFunctionExists.c.o  -o cmTC_ed698  -lpthreads 
/usr/bin/ld: cannot find -lpthreads
collect2: error: ld returned 1 exit status
CMakeFiles/cmTC_ed698.dir/build.make:86: recipe for target 'cmTC_ed698' failed
make[1]: *** [cmTC_ed698] Error 1
make[1]: Leaving directory '/vagrant/code/csci499_haoyuli/key_value_store/CMakeFiles/CMakeTmp'
Makefile:121: recipe for target 'cmTC_ed698/fast' failed
make: *** [cmTC_ed698/fast] Error 2



